{"/Users/charlietonneslan/repos/fullstack-todo-app/backend/src/app.js": {"path":"/Users/charlietonneslan/repos/fullstack-todo-app/backend/src/app.js","statementMap":{"0":{"start":{"line":15,"column":14},"end":{"line":15,"column":23}},"1":{"start":{"line":18,"column":2},"end":{"line":18,"column":18}},"2":{"start":{"line":19,"column":2},"end":{"line":19,"column":26}},"3":{"start":{"line":22,"column":25},"end":{"line":22,"column":49}},"4":{"start":{"line":23,"column":22},"end":{"line":23,"column":53}},"5":{"start":{"line":24,"column":25},"end":{"line":24,"column":56}},"6":{"start":{"line":25,"column":21},"end":{"line":25,"column":53}},"7":{"start":{"line":28,"column":2},"end":{"line":34,"column":5}},"8":{"start":{"line":29,"column":4},"end":{"line":33,"column":7}},"9":{"start":{"line":37,"column":2},"end":{"line":37,"column":30}},"10":{"start":{"line":40,"column":2},"end":{"line":42,"column":5}},"11":{"start":{"line":41,"column":4},"end":{"line":41,"column":55}},"12":{"start":{"line":45,"column":2},"end":{"line":60,"column":5}},"13":{"start":{"line":46,"column":4},"end":{"line":46,"column":43}},"14":{"start":{"line":49,"column":4},"end":{"line":54,"column":5}},"15":{"start":{"line":50,"column":6},"end":{"line":53,"column":9}},"16":{"start":{"line":56,"column":4},"end":{"line":59,"column":7}},"17":{"start":{"line":62,"column":2},"end":{"line":62,"column":13}}},"fnMap":{"0":{"name":"createApp","decl":{"start":{"line":14,"column":9},"end":{"line":14,"column":18}},"loc":{"start":{"line":14,"column":25},"end":{"line":63,"column":1}},"line":14},"1":{"name":"(anonymous_1)","decl":{"start":{"line":28,"column":15},"end":{"line":28,"column":16}},"loc":{"start":{"line":28,"column":29},"end":{"line":34,"column":3}},"line":28},"2":{"name":"(anonymous_2)","decl":{"start":{"line":40,"column":10},"end":{"line":40,"column":11}},"loc":{"start":{"line":40,"column":24},"end":{"line":42,"column":3}},"line":40},"3":{"name":"(anonymous_3)","decl":{"start":{"line":45,"column":10},"end":{"line":45,"column":11}},"loc":{"start":{"line":45,"column":35},"end":{"line":60,"column":3}},"line":45}},"branchMap":{"0":{"loc":{"start":{"line":49,"column":4},"end":{"line":54,"column":5}},"type":"if","locations":[{"start":{"line":49,"column":4},"end":{"line":54,"column":5}},{"start":{},"end":{}}],"line":49},"1":{"loc":{"start":{"line":52,"column":17},"end":{"line":52,"column":81}},"type":"cond-expr","locations":[{"start":{"line":52,"column":58},"end":{"line":52,"column":69}},{"start":{"line":52,"column":72},"end":{"line":52,"column":81}}],"line":52},"2":{"loc":{"start":{"line":58,"column":15},"end":{"line":58,"column":79}},"type":"cond-expr","locations":[{"start":{"line":58,"column":56},"end":{"line":58,"column":67}},{"start":{"line":58,"column":70},"end":{"line":58,"column":79}}],"line":58}},"s":{"0":1,"1":1,"2":1,"3":1,"4":1,"5":1,"6":1,"7":1,"8":1,"9":1,"10":1,"11":1,"12":1,"13":1,"14":1,"15":1,"16":0,"17":1},"f":{"0":1,"1":1,"2":1,"3":1},"b":{"0":[1,0],"1":[0,1],"2":[0,0]},"inputSourceMap":null,"_coverageSchema":"1a1c01bbd47fc00a2c39e90264f33305004495a9","hash":"f692e30595d194cdf842a1ca8b41208a4e82192a"}
,"/Users/charlietonneslan/repos/fullstack-todo-app/backend/src/__tests__/helpers/testApp.js": {"path":"/Users/charlietonneslan/repos/fullstack-todo-app/backend/src/__tests__/helpers/testApp.js","statementMap":{"0":{"start":{"line":12,"column":2},"end":{"line":14,"column":3}},"1":{"start":{"line":13,"column":4},"end":{"line":13,"column":26}},"2":{"start":{"line":15,"column":2},"end":{"line":15,"column":13}},"3":{"start":{"line":19,"column":2},"end":{"line":19,"column":14}}},"fnMap":{"0":{"name":"getTestApp","decl":{"start":{"line":11,"column":16},"end":{"line":11,"column":26}},"loc":{"start":{"line":11,"column":29},"end":{"line":16,"column":1}},"line":11},"1":{"name":"getTestPool","decl":{"start":{"line":18,"column":16},"end":{"line":18,"column":27}},"loc":{"start":{"line":18,"column":30},"end":{"line":20,"column":1}},"line":18}},"branchMap":{"0":{"loc":{"start":{"line":12,"column":2},"end":{"line":14,"column":3}},"type":"if","locations":[{"start":{"line":12,"column":2},"end":{"line":14,"column":3}},{"start":{},"end":{}}],"line":12}},"s":{"0":1,"1":1,"2":1,"3":1},"f":{"0":1,"1":1},"b":{"0":[1,0]},"inputSourceMap":null,"_coverageSchema":"1a1c01bbd47fc00a2c39e90264f33305004495a9","hash":"b12166662a099283d4595c77dac25050a790a34a"}
,"/Users/charlietonneslan/repos/fullstack-todo-app/backend/src/controllers/todoController.js": {"path":"/Users/charlietonneslan/repos/fullstack-todo-app/backend/src/controllers/todoController.js","statementMap":{"0":{"start":{"line":8,"column":4},"end":{"line":8,"column":35}},"1":{"start":{"line":9,"column":4},"end":{"line":9,"column":51}},"2":{"start":{"line":10,"column":4},"end":{"line":10,"column":51}},"3":{"start":{"line":11,"column":4},"end":{"line":11,"column":49}},"4":{"start":{"line":12,"column":4},"end":{"line":12,"column":49}},"5":{"start":{"line":13,"column":4},"end":{"line":13,"column":49}},"6":{"start":{"line":14,"column":4},"end":{"line":14,"column":67}},"7":{"start":{"line":22,"column":4},"end":{"line":28,"column":5}},"8":{"start":{"line":23,"column":20},"end":{"line":23,"column":56}},"9":{"start":{"line":24,"column":6},"end":{"line":24,"column":34}},"10":{"start":{"line":26,"column":6},"end":{"line":26,"column":60}},"11":{"start":{"line":27,"column":6},"end":{"line":27,"column":63}},"12":{"start":{"line":36,"column":4},"end":{"line":49,"column":5}},"13":{"start":{"line":37,"column":21},"end":{"line":37,"column":31}},"14":{"start":{"line":38,"column":19},"end":{"line":38,"column":57}},"15":{"start":{"line":39,"column":6},"end":{"line":39,"column":33}},"16":{"start":{"line":41,"column":6},"end":{"line":41,"column":60}},"17":{"start":{"line":42,"column":6},"end":{"line":47,"column":7}},"18":{"start":{"line":46,"column":8},"end":{"line":46,"column":62}},"19":{"start":{"line":48,"column":6},"end":{"line":48,"column":62}},"20":{"start":{"line":57,"column":4},"end":{"line":72,"column":5}},"21":{"start":{"line":58,"column":37},"end":{"line":58,"column":45}},"22":{"start":{"line":59,"column":19},"end":{"line":59,"column":72}},"23":{"start":{"line":60,"column":6},"end":{"line":60,"column":33}},"24":{"start":{"line":62,"column":6},"end":{"line":62,"column":59}},"25":{"start":{"line":64,"column":6},"end":{"line":69,"column":7}},"26":{"start":{"line":68,"column":8},"end":{"line":68,"column":62}},"27":{"start":{"line":71,"column":6},"end":{"line":71,"column":63}},"28":{"start":{"line":80,"column":4},"end":{"line":103,"column":5}},"29":{"start":{"line":81,"column":21},"end":{"line":81,"column":31}},"30":{"start":{"line":82,"column":19},"end":{"line":82,"column":27}},"31":{"start":{"line":83,"column":19},"end":{"line":83,"column":62}},"32":{"start":{"line":84,"column":6},"end":{"line":84,"column":33}},"33":{"start":{"line":86,"column":6},"end":{"line":86,"column":59}},"34":{"start":{"line":88,"column":6},"end":{"line":93,"column":7}},"35":{"start":{"line":92,"column":8},"end":{"line":92,"column":62}},"36":{"start":{"line":95,"column":6},"end":{"line":100,"column":7}},"37":{"start":{"line":99,"column":8},"end":{"line":99,"column":62}},"38":{"start":{"line":102,"column":6},"end":{"line":102,"column":63}},"39":{"start":{"line":111,"column":4},"end":{"line":126,"column":5}},"40":{"start":{"line":112,"column":21},"end":{"line":112,"column":31}},"41":{"start":{"line":113,"column":6},"end":{"line":113,"column":44}},"42":{"start":{"line":114,"column":6},"end":{"line":114,"column":69}},"43":{"start":{"line":116,"column":6},"end":{"line":116,"column":59}},"44":{"start":{"line":118,"column":6},"end":{"line":123,"column":7}},"45":{"start":{"line":122,"column":8},"end":{"line":122,"column":62}},"46":{"start":{"line":125,"column":6},"end":{"line":125,"column":63}},"47":{"start":{"line":134,"column":4},"end":{"line":149,"column":5}},"48":{"start":{"line":135,"column":21},"end":{"line":135,"column":31}},"49":{"start":{"line":136,"column":19},"end":{"line":136,"column":65}},"50":{"start":{"line":137,"column":6},"end":{"line":137,"column":33}},"51":{"start":{"line":139,"column":6},"end":{"line":139,"column":68}},"52":{"start":{"line":141,"column":6},"end":{"line":146,"column":7}},"53":{"start":{"line":145,"column":8},"end":{"line":145,"column":62}},"54":{"start":{"line":148,"column":6},"end":{"line":148,"column":63}}},"fnMap":{"0":{"name":"(anonymous_0)","decl":{"start":{"line":7,"column":2},"end":{"line":7,"column":3}},"loc":{"start":{"line":7,"column":27},"end":{"line":15,"column":3}},"line":7},"1":{"name":"(anonymous_1)","decl":{"start":{"line":21,"column":2},"end":{"line":21,"column":3}},"loc":{"start":{"line":21,"column":30},"end":{"line":29,"column":3}},"line":21},"2":{"name":"(anonymous_2)","decl":{"start":{"line":35,"column":2},"end":{"line":35,"column":3}},"loc":{"start":{"line":35,"column":30},"end":{"line":50,"column":3}},"line":35},"3":{"name":"(anonymous_3)","decl":{"start":{"line":56,"column":2},"end":{"line":56,"column":3}},"loc":{"start":{"line":56,"column":29},"end":{"line":73,"column":3}},"line":56},"4":{"name":"(anonymous_4)","decl":{"start":{"line":79,"column":2},"end":{"line":79,"column":3}},"loc":{"start":{"line":79,"column":29},"end":{"line":104,"column":3}},"line":79},"5":{"name":"(anonymous_5)","decl":{"start":{"line":110,"column":2},"end":{"line":110,"column":3}},"loc":{"start":{"line":110,"column":29},"end":{"line":127,"column":3}},"line":110},"6":{"name":"(anonymous_6)","decl":{"start":{"line":133,"column":2},"end":{"line":133,"column":3}},"loc":{"start":{"line":133,"column":38},"end":{"line":150,"column":3}},"line":133}},"branchMap":{"0":{"loc":{"start":{"line":42,"column":6},"end":{"line":47,"column":7}},"type":"if","locations":[{"start":{"line":42,"column":6},"end":{"line":47,"column":7}},{"start":{},"end":{}}],"line":42},"1":{"loc":{"start":{"line":43,"column":8},"end":{"line":44,"column":43}},"type":"binary-expr","locations":[{"start":{"line":43,"column":8},"end":{"line":43,"column":42}},{"start":{"line":44,"column":8},"end":{"line":44,"column":43}}],"line":43},"2":{"loc":{"start":{"line":64,"column":6},"end":{"line":69,"column":7}},"type":"if","locations":[{"start":{"line":64,"column":6},"end":{"line":69,"column":7}},{"start":{},"end":{}}],"line":64},"3":{"loc":{"start":{"line":65,"column":8},"end":{"line":66,"column":40}},"type":"binary-expr","locations":[{"start":{"line":65,"column":8},"end":{"line":65,"column":42}},{"start":{"line":66,"column":8},"end":{"line":66,"column":40}}],"line":65},"4":{"loc":{"start":{"line":88,"column":6},"end":{"line":93,"column":7}},"type":"if","locations":[{"start":{"line":88,"column":6},"end":{"line":93,"column":7}},{"start":{},"end":{}}],"line":88},"5":{"loc":{"start":{"line":89,"column":8},"end":{"line":90,"column":43}},"type":"binary-expr","locations":[{"start":{"line":89,"column":8},"end":{"line":89,"column":42}},{"start":{"line":90,"column":8},"end":{"line":90,"column":43}}],"line":89},"6":{"loc":{"start":{"line":95,"column":6},"end":{"line":100,"column":7}},"type":"if","locations":[{"start":{"line":95,"column":6},"end":{"line":100,"column":7}},{"start":{},"end":{}}],"line":95},"7":{"loc":{"start":{"line":96,"column":8},"end":{"line":97,"column":40}},"type":"binary-expr","locations":[{"start":{"line":96,"column":8},"end":{"line":96,"column":42}},{"start":{"line":97,"column":8},"end":{"line":97,"column":40}}],"line":96},"8":{"loc":{"start":{"line":118,"column":6},"end":{"line":123,"column":7}},"type":"if","locations":[{"start":{"line":118,"column":6},"end":{"line":123,"column":7}},{"start":{},"end":{}}],"line":118},"9":{"loc":{"start":{"line":119,"column":8},"end":{"line":120,"column":43}},"type":"binary-expr","locations":[{"start":{"line":119,"column":8},"end":{"line":119,"column":42}},{"start":{"line":120,"column":8},"end":{"line":120,"column":43}}],"line":119},"10":{"loc":{"start":{"line":141,"column":6},"end":{"line":146,"column":7}},"type":"if","locations":[{"start":{"line":141,"column":6},"end":{"line":146,"column":7}},{"start":{},"end":{}}],"line":141},"11":{"loc":{"start":{"line":142,"column":8},"end":{"line":143,"column":43}},"type":"binary-expr","locations":[{"start":{"line":142,"column":8},"end":{"line":142,"column":42}},{"start":{"line":143,"column":8},"end":{"line":143,"column":43}}],"line":142}},"s":{"0":1,"1":1,"2":1,"3":1,"4":1,"5":1,"6":1,"7":4,"8":4,"9":4,"10":0,"11":0,"12":4,"13":4,"14":4,"15":1,"16":3,"17":3,"18":3,"19":0,"20":17,"21":17,"22":17,"23":14,"24":3,"25":3,"26":3,"27":0,"28":5,"29":5,"30":5,"31":5,"32":3,"33":2,"34":2,"35":1,"36":1,"37":1,"38":0,"39":2,"40":2,"41":2,"42":1,"43":1,"44":1,"45":1,"46":0,"47":3,"48":3,"49":3,"50":2,"51":1,"52":1,"53":1,"54":0},"f":{"0":1,"1":4,"2":4,"3":17,"4":5,"5":2,"6":3},"b":{"0":[3,0],"1":[3,1],"2":[3,0],"3":[3,1],"4":[1,1],"5":[2,1],"6":[1,0],"7":[1,0],"8":[1,0],"9":[1,0],"10":[1,0],"11":[1,0]},"inputSourceMap":null,"_coverageSchema":"1a1c01bbd47fc00a2c39e90264f33305004495a9","hash":"1a558f9b8cc34674bba2ce62b8ee19595d32f233"}
,"/Users/charlietonneslan/repos/fullstack-todo-app/backend/src/repositories/todoRepository.js": {"path":"/Users/charlietonneslan/repos/fullstack-todo-app/backend/src/repositories/todoRepository.js","statementMap":{"0":{"start":{"line":7,"column":4},"end":{"line":7,"column":21}},"1":{"start":{"line":15,"column":18},"end":{"line":15,"column":64}},"2":{"start":{"line":16,"column":19},"end":{"line":16,"column":47}},"3":{"start":{"line":17,"column":4},"end":{"line":17,"column":23}},"4":{"start":{"line":26,"column":18},"end":{"line":26,"column":53}},"5":{"start":{"line":27,"column":19},"end":{"line":27,"column":53}},"6":{"start":{"line":28,"column":4},"end":{"line":28,"column":34}},"7":{"start":{"line":38,"column":18},"end":{"line":42,"column":5}},"8":{"start":{"line":43,"column":19},"end":{"line":43,"column":69}},"9":{"start":{"line":44,"column":4},"end":{"line":44,"column":26}},"10":{"start":{"line":54,"column":46},"end":{"line":54,"column":50}},"11":{"start":{"line":55,"column":18},"end":{"line":60,"column":5}},"12":{"start":{"line":61,"column":19},"end":{"line":66,"column":6}},"13":{"start":{"line":67,"column":4},"end":{"line":67,"column":34}},"14":{"start":{"line":76,"column":18},"end":{"line":76,"column":63}},"15":{"start":{"line":77,"column":19},"end":{"line":77,"column":53}},"16":{"start":{"line":78,"column":4},"end":{"line":78,"column":34}},"17":{"start":{"line":87,"column":18},"end":{"line":92,"column":5}},"18":{"start":{"line":93,"column":19},"end":{"line":93,"column":53}},"19":{"start":{"line":94,"column":4},"end":{"line":94,"column":34}}},"fnMap":{"0":{"name":"(anonymous_0)","decl":{"start":{"line":6,"column":2},"end":{"line":6,"column":3}},"loc":{"start":{"line":6,"column":20},"end":{"line":8,"column":3}},"line":6},"1":{"name":"(anonymous_1)","decl":{"start":{"line":14,"column":2},"end":{"line":14,"column":3}},"loc":{"start":{"line":14,"column":18},"end":{"line":18,"column":3}},"line":14},"2":{"name":"(anonymous_2)","decl":{"start":{"line":25,"column":2},"end":{"line":25,"column":3}},"loc":{"start":{"line":25,"column":21},"end":{"line":29,"column":3}},"line":25},"3":{"name":"(anonymous_3)","decl":{"start":{"line":37,"column":2},"end":{"line":37,"column":3}},"loc":{"start":{"line":37,"column":35},"end":{"line":45,"column":3}},"line":37},"4":{"name":"(anonymous_4)","decl":{"start":{"line":53,"column":2},"end":{"line":53,"column":3}},"loc":{"start":{"line":53,"column":25},"end":{"line":68,"column":3}},"line":53},"5":{"name":"(anonymous_5)","decl":{"start":{"line":75,"column":2},"end":{"line":75,"column":3}},"loc":{"start":{"line":75,"column":19},"end":{"line":79,"column":3}},"line":75},"6":{"name":"(anonymous_6)","decl":{"start":{"line":86,"column":2},"end":{"line":86,"column":3}},"loc":{"start":{"line":86,"column":28},"end":{"line":95,"column":3}},"line":86}},"branchMap":{"0":{"loc":{"start":{"line":28,"column":11},"end":{"line":28,"column":33}},"type":"binary-expr","locations":[{"start":{"line":28,"column":11},"end":{"line":28,"column":25}},{"start":{"line":28,"column":29},"end":{"line":28,"column":33}}],"line":28},"1":{"loc":{"start":{"line":67,"column":11},"end":{"line":67,"column":33}},"type":"binary-expr","locations":[{"start":{"line":67,"column":11},"end":{"line":67,"column":25}},{"start":{"line":67,"column":29},"end":{"line":67,"column":33}}],"line":67},"2":{"loc":{"start":{"line":78,"column":11},"end":{"line":78,"column":33}},"type":"binary-expr","locations":[{"start":{"line":78,"column":11},"end":{"line":78,"column":25}},{"start":{"line":78,"column":29},"end":{"line":78,"column":33}}],"line":78},"3":{"loc":{"start":{"line":94,"column":11},"end":{"line":94,"column":33}},"type":"binary-expr","locations":[{"start":{"line":94,"column":11},"end":{"line":94,"column":25}},{"start":{"line":94,"column":29},"end":{"line":94,"column":33}}],"line":94}},"s":{"0":14,"1":6,"2":6,"3":6,"4":11,"5":11,"6":11,"7":24,"8":24,"9":24,"10":6,"11":6,"12":6,"13":6,"14":4,"15":4,"16":4,"17":6,"18":6,"19":6},"f":{"0":14,"1":6,"2":11,"3":24,"4":6,"5":4,"6":6},"b":{"0":[11,5],"1":[6,1],"2":[4,2],"3":[6,2]},"inputSourceMap":null,"_coverageSchema":"1a1c01bbd47fc00a2c39e90264f33305004495a9","hash":"1d66ae772a4cdbddb768b02313a887f5af1ea4f9"}
,"/Users/charlietonneslan/repos/fullstack-todo-app/backend/src/routes/todoRoutes.js": {"path":"/Users/charlietonneslan/repos/fullstack-todo-app/backend/src/routes/todoRoutes.js","statementMap":{"0":{"start":{"line":8,"column":17},"end":{"line":8,"column":33}},"1":{"start":{"line":11,"column":2},"end":{"line":11,"column":51}},"2":{"start":{"line":14,"column":2},"end":{"line":14,"column":55}},"3":{"start":{"line":17,"column":2},"end":{"line":17,"column":51}},"4":{"start":{"line":20,"column":2},"end":{"line":20,"column":54}},"5":{"start":{"line":23,"column":2},"end":{"line":23,"column":57}},"6":{"start":{"line":26,"column":2},"end":{"line":26,"column":72}},"7":{"start":{"line":28,"column":2},"end":{"line":28,"column":16}}},"fnMap":{"0":{"name":"createTodoRoutes","decl":{"start":{"line":7,"column":9},"end":{"line":7,"column":25}},"loc":{"start":{"line":7,"column":42},"end":{"line":29,"column":1}},"line":7}},"branchMap":{},"s":{"0":1,"1":1,"2":1,"3":1,"4":1,"5":1,"6":1,"7":1},"f":{"0":1},"b":{},"inputSourceMap":null,"_coverageSchema":"1a1c01bbd47fc00a2c39e90264f33305004495a9","hash":"57d102dea58e3383715428584a588d83e185252a"}
,"/Users/charlietonneslan/repos/fullstack-todo-app/backend/src/services/todoService.js": {"path":"/Users/charlietonneslan/repos/fullstack-todo-app/backend/src/services/todoService.js","statementMap":{"0":{"start":{"line":7,"column":4},"end":{"line":7,"column":41}},"1":{"start":{"line":15,"column":4},"end":{"line":15,"column":47}},"2":{"start":{"line":25,"column":19},"end":{"line":25,"column":31}},"3":{"start":{"line":26,"column":4},"end":{"line":28,"column":5}},"4":{"start":{"line":27,"column":6},"end":{"line":27,"column":41}},"5":{"start":{"line":30,"column":17},"end":{"line":30,"column":59}},"6":{"start":{"line":32,"column":4},"end":{"line":34,"column":5}},"7":{"start":{"line":33,"column":6},"end":{"line":33,"column":40}},"8":{"start":{"line":36,"column":4},"end":{"line":36,"column":16}},"9":{"start":{"line":47,"column":4},"end":{"line":49,"column":5}},"10":{"start":{"line":48,"column":6},"end":{"line":48,"column":63}},"11":{"start":{"line":51,"column":4},"end":{"line":53,"column":5}},"12":{"start":{"line":52,"column":6},"end":{"line":52,"column":60}},"13":{"start":{"line":55,"column":27},"end":{"line":55,"column":39}},"14":{"start":{"line":56,"column":33},"end":{"line":56,"column":70}},"15":{"start":{"line":58,"column":17},"end":{"line":61,"column":5}},"16":{"start":{"line":63,"column":4},"end":{"line":63,"column":16}},"17":{"start":{"line":74,"column":19},"end":{"line":74,"column":31}},"18":{"start":{"line":75,"column":4},"end":{"line":77,"column":5}},"19":{"start":{"line":76,"column":6},"end":{"line":76,"column":41}},"20":{"start":{"line":79,"column":25},"end":{"line":79,"column":67}},"21":{"start":{"line":80,"column":4},"end":{"line":82,"column":5}},"22":{"start":{"line":81,"column":6},"end":{"line":81,"column":40}},"23":{"start":{"line":84,"column":23},"end":{"line":94,"column":5}},"24":{"start":{"line":96,"column":4},"end":{"line":98,"column":5}},"25":{"start":{"line":97,"column":6},"end":{"line":97,"column":63}},"26":{"start":{"line":100,"column":4},"end":{"line":102,"column":5}},"27":{"start":{"line":101,"column":6},"end":{"line":101,"column":60}},"28":{"start":{"line":104,"column":24},"end":{"line":104,"column":76}},"29":{"start":{"line":106,"column":4},"end":{"line":106,"column":23}},"30":{"start":{"line":116,"column":19},"end":{"line":116,"column":31}},"31":{"start":{"line":117,"column":4},"end":{"line":119,"column":5}},"32":{"start":{"line":118,"column":6},"end":{"line":118,"column":41}},"33":{"start":{"line":121,"column":24},"end":{"line":121,"column":64}},"34":{"start":{"line":123,"column":4},"end":{"line":125,"column":5}},"35":{"start":{"line":124,"column":6},"end":{"line":124,"column":40}},"36":{"start":{"line":127,"column":4},"end":{"line":127,"column":23}},"37":{"start":{"line":137,"column":19},"end":{"line":137,"column":31}},"38":{"start":{"line":138,"column":4},"end":{"line":140,"column":5}},"39":{"start":{"line":139,"column":6},"end":{"line":139,"column":41}},"40":{"start":{"line":142,"column":24},"end":{"line":142,"column":73}},"41":{"start":{"line":144,"column":4},"end":{"line":146,"column":5}},"42":{"start":{"line":145,"column":6},"end":{"line":145,"column":40}},"43":{"start":{"line":148,"column":4},"end":{"line":148,"column":23}}},"fnMap":{"0":{"name":"(anonymous_0)","decl":{"start":{"line":6,"column":2},"end":{"line":6,"column":3}},"loc":{"start":{"line":6,"column":30},"end":{"line":8,"column":3}},"line":6},"1":{"name":"(anonymous_1)","decl":{"start":{"line":14,"column":2},"end":{"line":14,"column":3}},"loc":{"start":{"line":14,"column":22},"end":{"line":16,"column":3}},"line":14},"2":{"name":"(anonymous_2)","decl":{"start":{"line":24,"column":2},"end":{"line":24,"column":3}},"loc":{"start":{"line":24,"column":24},"end":{"line":37,"column":3}},"line":24},"3":{"name":"(anonymous_3)","decl":{"start":{"line":46,"column":2},"end":{"line":46,"column":3}},"loc":{"start":{"line":46,"column":39},"end":{"line":64,"column":3}},"line":46},"4":{"name":"(anonymous_4)","decl":{"start":{"line":73,"column":2},"end":{"line":73,"column":3}},"loc":{"start":{"line":73,"column":29},"end":{"line":107,"column":3}},"line":73},"5":{"name":"(anonymous_5)","decl":{"start":{"line":115,"column":2},"end":{"line":115,"column":3}},"loc":{"start":{"line":115,"column":23},"end":{"line":128,"column":3}},"line":115},"6":{"name":"(anonymous_6)","decl":{"start":{"line":136,"column":2},"end":{"line":136,"column":3}},"loc":{"start":{"line":136,"column":32},"end":{"line":149,"column":3}},"line":136}},"branchMap":{"0":{"loc":{"start":{"line":26,"column":4},"end":{"line":28,"column":5}},"type":"if","locations":[{"start":{"line":26,"column":4},"end":{"line":28,"column":5}},{"start":{},"end":{}}],"line":26},"1":{"loc":{"start":{"line":26,"column":8},"end":{"line":26,"column":35}},"type":"binary-expr","locations":[{"start":{"line":26,"column":8},"end":{"line":26,"column":21}},{"start":{"line":26,"column":25},"end":{"line":26,"column":35}}],"line":26},"2":{"loc":{"start":{"line":32,"column":4},"end":{"line":34,"column":5}},"type":"if","locations":[{"start":{"line":32,"column":4},"end":{"line":34,"column":5}},{"start":{},"end":{}}],"line":32},"3":{"loc":{"start":{"line":47,"column":4},"end":{"line":49,"column":5}},"type":"if","locations":[{"start":{"line":47,"column":4},"end":{"line":49,"column":5}},{"start":{},"end":{}}],"line":47},"4":{"loc":{"start":{"line":47,"column":8},"end":{"line":47,"column":43}},"type":"binary-expr","locations":[{"start":{"line":47,"column":8},"end":{"line":47,"column":14}},{"start":{"line":47,"column":18},"end":{"line":47,"column":43}}],"line":47},"5":{"loc":{"start":{"line":51,"column":4},"end":{"line":53,"column":5}},"type":"if","locations":[{"start":{"line":51,"column":4},"end":{"line":53,"column":5}},{"start":{},"end":{}}],"line":51},"6":{"loc":{"start":{"line":56,"column":33},"end":{"line":56,"column":70}},"type":"cond-expr","locations":[{"start":{"line":56,"column":47},"end":{"line":56,"column":65}},{"start":{"line":56,"column":68},"end":{"line":56,"column":70}}],"line":56},"7":{"loc":{"start":{"line":75,"column":4},"end":{"line":77,"column":5}},"type":"if","locations":[{"start":{"line":75,"column":4},"end":{"line":77,"column":5}},{"start":{},"end":{}}],"line":75},"8":{"loc":{"start":{"line":75,"column":8},"end":{"line":75,"column":35}},"type":"binary-expr","locations":[{"start":{"line":75,"column":8},"end":{"line":75,"column":21}},{"start":{"line":75,"column":25},"end":{"line":75,"column":35}}],"line":75},"9":{"loc":{"start":{"line":80,"column":4},"end":{"line":82,"column":5}},"type":"if","locations":[{"start":{"line":80,"column":4},"end":{"line":82,"column":5}},{"start":{},"end":{}}],"line":80},"10":{"loc":{"start":{"line":85,"column":13},"end":{"line":85,"column":78}},"type":"cond-expr","locations":[{"start":{"line":85,"column":40},"end":{"line":85,"column":57}},{"start":{"line":85,"column":60},"end":{"line":85,"column":78}}],"line":85},"11":{"loc":{"start":{"line":87,"column":8},"end":{"line":89,"column":36}},"type":"cond-expr","locations":[{"start":{"line":88,"column":12},"end":{"line":88,"column":35}},{"start":{"line":89,"column":12},"end":{"line":89,"column":36}}],"line":87},"12":{"loc":{"start":{"line":91,"column":8},"end":{"line":93,"column":34}},"type":"cond-expr","locations":[{"start":{"line":92,"column":12},"end":{"line":92,"column":35}},{"start":{"line":93,"column":12},"end":{"line":93,"column":34}}],"line":91},"13":{"loc":{"start":{"line":96,"column":4},"end":{"line":98,"column":5}},"type":"if","locations":[{"start":{"line":96,"column":4},"end":{"line":98,"column":5}},{"start":{},"end":{}}],"line":96},"14":{"loc":{"start":{"line":96,"column":8},"end":{"line":96,"column":58}},"type":"binary-expr","locations":[{"start":{"line":96,"column":8},"end":{"line":96,"column":25}},{"start":{"line":96,"column":29},"end":{"line":96,"column":58}}],"line":96},"15":{"loc":{"start":{"line":100,"column":4},"end":{"line":102,"column":5}},"type":"if","locations":[{"start":{"line":100,"column":4},"end":{"line":102,"column":5}},{"start":{},"end":{}}],"line":100},"16":{"loc":{"start":{"line":117,"column":4},"end":{"line":119,"column":5}},"type":"if","locations":[{"start":{"line":117,"column":4},"end":{"line":119,"column":5}},{"start":{},"end":{}}],"line":117},"17":{"loc":{"start":{"line":117,"column":8},"end":{"line":117,"column":35}},"type":"binary-expr","locations":[{"start":{"line":117,"column":8},"end":{"line":117,"column":21}},{"start":{"line":117,"column":25},"end":{"line":117,"column":35}}],"line":117},"18":{"loc":{"start":{"line":123,"column":4},"end":{"line":125,"column":5}},"type":"if","locations":[{"start":{"line":123,"column":4},"end":{"line":125,"column":5}},{"start":{},"end":{}}],"line":123},"19":{"loc":{"start":{"line":138,"column":4},"end":{"line":140,"column":5}},"type":"if","locations":[{"start":{"line":138,"column":4},"end":{"line":140,"column":5}},{"start":{},"end":{}}],"line":138},"20":{"loc":{"start":{"line":138,"column":8},"end":{"line":138,"column":35}},"type":"binary-expr","locations":[{"start":{"line":138,"column":8},"end":{"line":138,"column":21}},{"start":{"line":138,"column":25},"end":{"line":138,"column":35}}],"line":138},"21":{"loc":{"start":{"line":144,"column":4},"end":{"line":146,"column":5}},"type":"if","locations":[{"start":{"line":144,"column":4},"end":{"line":146,"column":5}},{"start":{},"end":{}}],"line":144}},"s":{"0":23,"1":5,"2":8,"3":8,"4":3,"5":5,"6":5,"7":3,"8":2,"9":23,"10":4,"11":19,"12":2,"13":17,"14":17,"15":17,"16":17,"17":10,"18":10,"19":1,"20":9,"21":9,"22":2,"23":7,"24":7,"25":2,"26":5,"27":0,"28":5,"29":5,"30":5,"31":5,"32":1,"33":4,"34":4,"35":2,"36":2,"37":6,"38":6,"39":1,"40":5,"41":5,"42":2,"43":3},"f":{"0":23,"1":5,"2":8,"3":23,"4":10,"5":5,"6":6},"b":{"0":[3,5],"1":[8,6],"2":[3,2],"3":[4,19],"4":[23,21],"5":[2,17],"6":[8,9],"7":[1,9],"8":[10,9],"9":[2,7],"10":[7,0],"11":[3,4],"12":[3,4],"13":[2,5],"14":[7,5],"15":[0,5],"16":[1,4],"17":[5,4],"18":[2,2],"19":[1,5],"20":[6,5],"21":[2,3]},"inputSourceMap":null,"_coverageSchema":"1a1c01bbd47fc00a2c39e90264f33305004495a9","hash":"53edd72df58096f6aa0d14b903a7ac8e923286f2"}
}
