TN:
SF:src/app.js
FN:14,createApp
FN:28,(anonymous_1)
FN:40,(anonymous_2)
FN:45,(anonymous_3)
FNF:4
FNH:4
FNDA:1,createApp
FNDA:1,(anonymous_1)
FNDA:1,(anonymous_2)
FNDA:1,(anonymous_3)
DA:15,1
DA:18,1
DA:19,1
DA:22,1
DA:23,1
DA:24,1
DA:25,1
DA:28,1
DA:29,1
DA:37,1
DA:40,1
DA:41,1
DA:45,1
DA:46,1
DA:49,1
DA:50,1
DA:56,0
DA:62,1
LF:18
LH:17
BRDA:49,0,0,1
BRDA:49,0,1,0
BRDA:52,1,0,0
BRDA:52,1,1,1
BRDA:58,2,0,0
BRDA:58,2,1,0
BRF:6
BRH:2
end_of_record
TN:
SF:src/__tests__/helpers/testApp.js
FN:11,getTestApp
FN:18,getTestPool
FNF:2
FNH:2
FNDA:1,getTestApp
FNDA:1,getTestPool
DA:12,1
DA:13,1
DA:15,1
DA:19,1
LF:4
LH:4
BRDA:12,0,0,1
BRDA:12,0,1,0
BRF:2
BRH:1
end_of_record
TN:
SF:src/controllers/todoController.js
FN:7,(anonymous_0)
FN:21,(anonymous_1)
FN:35,(anonymous_2)
FN:56,(anonymous_3)
FN:79,(anonymous_4)
FN:110,(anonymous_5)
FN:133,(anonymous_6)
FNF:7
FNH:7
FNDA:1,(anonymous_0)
FNDA:4,(anonymous_1)
FNDA:4,(anonymous_2)
FNDA:17,(anonymous_3)
FNDA:5,(anonymous_4)
FNDA:2,(anonymous_5)
FNDA:3,(anonymous_6)
DA:8,1
DA:9,1
DA:10,1
DA:11,1
DA:12,1
DA:13,1
DA:14,1
DA:22,4
DA:23,4
DA:24,4
DA:26,0
DA:27,0
DA:36,4
DA:37,4
DA:38,4
DA:39,1
DA:41,3
DA:42,3
DA:46,3
DA:48,0
DA:57,17
DA:58,17
DA:59,17
DA:60,14
DA:62,3
DA:64,3
DA:68,3
DA:71,0
DA:80,5
DA:81,5
DA:82,5
DA:83,5
DA:84,3
DA:86,2
DA:88,2
DA:92,1
DA:95,1
DA:99,1
DA:102,0
DA:111,2
DA:112,2
DA:113,2
DA:114,1
DA:116,1
DA:118,1
DA:122,1
DA:125,0
DA:134,3
DA:135,3
DA:136,3
DA:137,2
DA:139,1
DA:141,1
DA:145,1
DA:148,0
LF:55
LH:48
BRDA:42,0,0,3
BRDA:42,0,1,0
BRDA:43,1,0,3
BRDA:43,1,1,1
BRDA:64,2,0,3
BRDA:64,2,1,0
BRDA:65,3,0,3
BRDA:65,3,1,1
BRDA:88,4,0,1
BRDA:88,4,1,1
BRDA:89,5,0,2
BRDA:89,5,1,1
BRDA:95,6,0,1
BRDA:95,6,1,0
BRDA:96,7,0,1
BRDA:96,7,1,0
BRDA:118,8,0,1
BRDA:118,8,1,0
BRDA:119,9,0,1
BRDA:119,9,1,0
BRDA:141,10,0,1
BRDA:141,10,1,0
BRDA:142,11,0,1
BRDA:142,11,1,0
BRF:24
BRH:16
end_of_record
TN:
SF:src/repositories/todoRepository.js
FN:6,(anonymous_0)
FN:14,(anonymous_1)
FN:25,(anonymous_2)
FN:37,(anonymous_3)
FN:53,(anonymous_4)
FN:75,(anonymous_5)
FN:86,(anonymous_6)
FNF:7
FNH:7
FNDA:14,(anonymous_0)
FNDA:6,(anonymous_1)
FNDA:11,(anonymous_2)
FNDA:24,(anonymous_3)
FNDA:6,(anonymous_4)
FNDA:4,(anonymous_5)
FNDA:6,(anonymous_6)
DA:7,14
DA:15,6
DA:16,6
DA:17,6
DA:26,11
DA:27,11
DA:28,11
DA:38,24
DA:43,24
DA:44,24
DA:54,6
DA:55,6
DA:61,6
DA:67,6
DA:76,4
DA:77,4
DA:78,4
DA:87,6
DA:93,6
DA:94,6
LF:20
LH:20
BRDA:28,0,0,11
BRDA:28,0,1,5
BRDA:67,1,0,6
BRDA:67,1,1,1
BRDA:78,2,0,4
BRDA:78,2,1,2
BRDA:94,3,0,6
BRDA:94,3,1,2
BRF:8
BRH:8
end_of_record
TN:
SF:src/routes/todoRoutes.js
FN:7,createTodoRoutes
FNF:1
FNH:1
FNDA:1,createTodoRoutes
DA:8,1
DA:11,1
DA:14,1
DA:17,1
DA:20,1
DA:23,1
DA:26,1
DA:28,1
LF:8
LH:8
BRF:0
BRH:0
end_of_record
TN:
SF:src/services/todoService.js
FN:6,(anonymous_0)
FN:14,(anonymous_1)
FN:24,(anonymous_2)
FN:46,(anonymous_3)
FN:73,(anonymous_4)
FN:115,(anonymous_5)
FN:136,(anonymous_6)
FNF:7
FNH:7
FNDA:23,(anonymous_0)
FNDA:5,(anonymous_1)
FNDA:8,(anonymous_2)
FNDA:23,(anonymous_3)
FNDA:10,(anonymous_4)
FNDA:5,(anonymous_5)
FNDA:6,(anonymous_6)
DA:7,23
DA:15,5
DA:25,8
DA:26,8
DA:27,3
DA:30,5
DA:32,5
DA:33,3
DA:36,2
DA:47,23
DA:48,4
DA:51,19
DA:52,2
DA:55,17
DA:56,17
DA:58,17
DA:63,17
DA:74,10
DA:75,10
DA:76,1
DA:79,9
DA:80,9
DA:81,2
DA:84,7
DA:96,7
DA:97,2
DA:100,5
DA:101,0
DA:104,5
DA:106,5
DA:116,5
DA:117,5
DA:118,1
DA:121,4
DA:123,4
DA:124,2
DA:127,2
DA:137,6
DA:138,6
DA:139,1
DA:142,5
DA:144,5
DA:145,2
DA:148,3
LF:44
LH:43
BRDA:26,0,0,3
BRDA:26,0,1,5
BRDA:26,1,0,8
BRDA:26,1,1,6
BRDA:32,2,0,3
BRDA:32,2,1,2
BRDA:47,3,0,4
BRDA:47,3,1,19
BRDA:47,4,0,23
BRDA:47,4,1,21
BRDA:51,5,0,2
BRDA:51,5,1,17
BRDA:56,6,0,8
BRDA:56,6,1,9
BRDA:75,7,0,1
BRDA:75,7,1,9
BRDA:75,8,0,10
BRDA:75,8,1,9
BRDA:80,9,0,2
BRDA:80,9,1,7
BRDA:85,10,0,7
BRDA:85,10,1,0
BRDA:87,11,0,3
BRDA:87,11,1,4
BRDA:91,12,0,3
BRDA:91,12,1,4
BRDA:96,13,0,2
BRDA:96,13,1,5
BRDA:96,14,0,7
BRDA:96,14,1,5
BRDA:100,15,0,0
BRDA:100,15,1,5
BRDA:117,16,0,1
BRDA:117,16,1,4
BRDA:117,17,0,5
BRDA:117,17,1,4
BRDA:123,18,0,2
BRDA:123,18,1,2
BRDA:138,19,0,1
BRDA:138,19,1,5
BRDA:138,20,0,6
BRDA:138,20,1,5
BRDA:144,21,0,2
BRDA:144,21,1,3
BRF:44
BRH:42
end_of_record
